<?xml version="1.0" encoding="UTF-8"?>
<!-- Generated by org.testng.reporters.JUnitReportReporter -->
<testsuite hostname="DESKTOP-IPENFP4" failures="0" tests="2" name="leventebanyoi.tests.ErrorValidations" time="27.880" errors="0" timestamp="2024-08-20T17:58:30 EEST" skipped="0">
  <testcase classname="leventebanyoi.tests.ErrorValidations" name="ProductErrorValidation" time="21.744"/>
  <testcase classname="leventebanyoi.tests.ErrorValidations" name="LoginErrorValidation" time="6.136"/>
</testsuite> <!-- leventebanyoi.tests.ErrorValidations -->
