<?xml version="1.0" encoding="UTF-8"?>
<!-- Generated by org.testng.reporters.JUnitReportReporter -->
<testsuite hostname="DESKTOP-IPENFP4" failures="0" tests="3" name="leventebanyoi.tests.SubmitOrderTest" time="63.796" errors="0" timestamp="2024-08-26T14:14:22 EEST" skipped="0">
  <testcase classname="leventebanyoi.tests.SubmitOrderTest" name="OrderHistoryTest" time="10.490"/>
  <testcase classname="leventebanyoi.tests.SubmitOrderTest" name="submitOrder" time="28.467"/>
  <testcase classname="leventebanyoi.tests.SubmitOrderTest" name="submitOrder" time="24.839"/>
</testsuite> <!-- leventebanyoi.tests.SubmitOrderTest -->
