<?xml version="1.0" encoding="UTF-8"?>
<!-- Generated by org.testng.reporters.JUnitReportReporter -->
<testsuite hostname="DESKTOP-IPENFP4" failures="0" tests="1" name="cucumber.TestNGTestRunner" time="7.553" errors="0" timestamp="2024-08-28T14:06:18 EEST" skipped="0">
  <testcase classname="cucumber.TestNGTestRunner" name="runScenario" time="7.553"/>
</testsuite> <!-- cucumber.TestNGTestRunner -->
