<?xml version="1.0" encoding="UTF-8"?>
<!-- Generated by org.testng.reporters.JUnitReportReporter -->
<testsuite hostname="DESKTOP-IPENFP4" failures="0" tests="3" name="leventebanyoi.tests.SubmitOrderTest" time="44.707" errors="0" timestamp="2024-08-26T17:50:58 EEST" skipped="0">
  <testcase classname="leventebanyoi.tests.SubmitOrderTest" name="submitOrder" time="18.781"/>
  <testcase classname="leventebanyoi.tests.SubmitOrderTest" name="submitOrder" time="15.808"/>
  <testcase classname="leventebanyoi.tests.SubmitOrderTest" name="OrderHistoryTest" time="10.118"/>
</testsuite> <!-- leventebanyoi.tests.SubmitOrderTest -->
