<?xml version="1.0" encoding="UTF-8"?>
<!-- Generated by org.testng.reporters.JUnitReportReporter -->
<testsuite hostname="DESKTOP-IPENFP4" failures="0" tests="1" name="cucumber.TestNGTestRunner" time="29.664" errors="0" timestamp="2024-08-28T14:35:25 EEST" skipped="0">
  <testcase classname="cucumber.TestNGTestRunner" name="runScenario" time="29.664"/>
</testsuite> <!-- cucumber.TestNGTestRunner -->
